<?xml version="1.0" encoding="UTF-8" ?>
<testsuite tests="9" failures="2" name="TestSuite" time="18.065" errors="0" skipped="7">
  <properties>
[...]
</properties>
  <testcase classname="newtours.tests.BookFlightTest" name="setupParameters" time="18.057">
    <failure message="
Parameter &apos;noOfPassengers&apos; is required by BeforeTest on method setupParameters but has not been marked @Optional or defined
" type="org.testng.TestNGException">org.testng.TestNGException: 
Parameter &apos;noOfPassengers&apos; is required by BeforeTest on method setupParameters but has not been marked @Optional or defined

	at org.testng.internal.Parameters.createParams(Parameters.java:272)
	at org.testng.internal.Parameters.createParametersForMethod(Parameters.java:360)
	at org.testng.internal.Parameters.createParameters(Parameters.java:704)
	at org.testng.internal.Parameters.createConfigurationParameters(Parameters.java:166)
	at org.testng.internal.ConfigInvoker.invokeConfigurations(ConfigInvoker.java:283)
	at org.testng.TestRunner.invokeTestConfigurations(TestRunner.java:619)
	at org.testng.TestRunner.beforeRun(TestRunner.java:609)
	at org.testng.TestRunner.run(TestRunner.java:580)
	at org.testng.SuiteRunner.runTest(SuiteRunner.java:384)
	at org.testng.SuiteRunner.runSequentially(SuiteRunner.java:378)
	at org.testng.SuiteRunner.privateRun(SuiteRunner.java:337)
	at org.testng.SuiteRunner.run(SuiteRunner.java:286)
	at org.testng.SuiteRunnerWorker.runSuite(SuiteRunnerWorker.java:53)
	at org.testng.SuiteRunnerWorker.run(SuiteRunnerWorker.java:96)
	at org.testng.TestNG.runSuitesSequentially(TestNG.java:1187)
	at org.testng.TestNG.runSuitesLocally(TestNG.java:1109)
	at org.testng.TestNG.runSuites(TestNG.java:1039)
	at org.testng.TestNG.run(TestNG.java:1007)
	at org.apache.maven.surefire.testng.TestNGExecutor.run(TestNGExecutor.java:77)
	at org.apache.maven.surefire.testng.TestNGDirectoryTestSuite.executeMulti(TestNGDirectoryTestSuite.java:159)
	at org.apache.maven.surefire.testng.TestNGDirectoryTestSuite.execute(TestNGDirectoryTestSuite.java:99)
	at org.apache.maven.surefire.testng.TestNGProvider.invoke(TestNGProvider.java:106)
	at java.base/jdk.internal.reflect.NativeMethodAccessorImpl.invoke0(Native Method)
	at java.base/jdk.internal.reflect.NativeMethodAccessorImpl.invoke(NativeMethodAccessorImpl.java:64)
	at java.base/jdk.internal.reflect.DelegatingMethodAccessorImpl.invoke(DelegatingMethodAccessorImpl.java:43)
	at java.base/java.lang.reflect.Method.invoke(Method.java:564)
	at org.apache.maven.surefire.util.ReflectionUtils.invokeMethodWithArray(ReflectionUtils.java:189)
	at org.apache.maven.surefire.booter.ProviderFactory$ProviderProxy.invoke(ProviderFactory.java:165)
	at org.apache.maven.surefire.booter.ProviderFactory.invokeProvider(ProviderFactory.java:85)
	at org.apache.maven.surefire.booter.ForkedBooter.runSuitesInProcess(ForkedBooter.java:115)
	at org.apache.maven.surefire.booter.ForkedBooter.main(ForkedBooter.java:75)
</failure>
    <system-out>Configuring TestNG with: org.apache.maven.surefire.testng.conf.TestNG652Configurator@67b467e9
CHROME CAPABILITY IS SET!!!
completeUrl:http://localhost:4444/wd/hub
</system-out>
    <system-err>[main] INFO io.github.bonigarcia.wdm.WebDriverManager - Using chromedriver 95.0.4638.54 (resolved driver for Chrome 95)
[main] INFO io.github.bonigarcia.wdm.WebDriverManager - Exporting webdriver.chrome.driver as C:\Users\Pranav\.cache\selenium\chromedriver\win32\95.0.4638.54\chromedriver.exe
Nov 03, 2021 4:58:10 PM org.openqa.selenium.remote.tracing.opentelemetry.OpenTelemetryTracer createTracer
INFO: Using OpenTelemetry for tracing
Nov 03, 2021 4:58:19 PM org.openqa.selenium.remote.ProtocolHandshake createSession
INFO: Detected dialect: W3C
</system-err>
  </testcase>
  <testcase classname="com.tests.SampleTest" name="openLinkInNewTab" time="0">
    <skipped/>
  </testcase>
  <testcase classname="newtours.tests.BookFlightTest" name="registrationPage" time="0">
    <skipped/>
  </testcase>
  <testcase classname="newtours.tests.BookFlightTest" name="registrationConfirmationPage" time="0">
    <skipped/>
  </testcase>
  <testcase classname="newtours.tests.BookFlightTest" name="flightDetailsPage" time="0">
    <skipped/>
  </testcase>
  <testcase classname="newtours.tests.BookFlightTest" name="findFlightPage" time="0">
    <skipped/>
  </testcase>
  <testcase classname="newtours.tests.BookFlightTest" name="flightConfirmationPage" time="0">
    <skipped/>
  </testcase>
  <testcase classname="searchmodule.tests.SearchTest" name="search" time="0.004">
    <failure message="
Parameter &apos;keyword&apos; is required by @Test on method search but has not been marked @Optional or defined
" type="org.testng.TestNGException">org.testng.TestNGException: 
Parameter &apos;keyword&apos; is required by @Test on method search but has not been marked @Optional or defined

	at org.testng.internal.Parameters.createParams(Parameters.java:272)
	at org.testng.internal.Parameters.createParametersForMethod(Parameters.java:360)
	at org.testng.internal.Parameters.createParameters(Parameters.java:704)
	at org.testng.internal.Parameters.handleParameters(Parameters.java:879)
	at org.testng.internal.Parameters.handleParameters(Parameters.java:744)
	at org.testng.internal.ParameterHandler.handleParameters(ParameterHandler.java:59)
	at org.testng.internal.ParameterHandler.createParameters(ParameterHandler.java:38)
	at org.testng.internal.TestInvoker$MethodInvocationAgent.invoke(TestInvoker.java:783)
	at org.testng.internal.TestInvoker.invokeTestMethods(TestInvoker.java:146)
	at org.testng.internal.TestMethodWorker.invokeTestMethods(TestMethodWorker.java:146)
	at org.testng.internal.TestMethodWorker.run(TestMethodWorker.java:128)
	at java.base/java.util.ArrayList.forEach(ArrayList.java:1511)
	at org.testng.TestRunner.privateRun(TestRunner.java:766)
	at org.testng.TestRunner.run(TestRunner.java:587)
	at org.testng.SuiteRunner.runTest(SuiteRunner.java:384)
	at org.testng.SuiteRunner.runSequentially(SuiteRunner.java:378)
	at org.testng.SuiteRunner.privateRun(SuiteRunner.java:337)
	at org.testng.SuiteRunner.run(SuiteRunner.java:286)
	at org.testng.SuiteRunnerWorker.runSuite(SuiteRunnerWorker.java:53)
	at org.testng.SuiteRunnerWorker.run(SuiteRunnerWorker.java:96)
	at org.testng.TestNG.runSuitesSequentially(TestNG.java:1187)
	at org.testng.TestNG.runSuitesLocally(TestNG.java:1109)
	at org.testng.TestNG.runSuites(TestNG.java:1039)
	at org.testng.TestNG.run(TestNG.java:1007)
	at org.apache.maven.surefire.testng.TestNGExecutor.run(TestNGExecutor.java:77)
	at org.apache.maven.surefire.testng.TestNGDirectoryTestSuite.executeMulti(TestNGDirectoryTestSuite.java:159)
	at org.apache.maven.surefire.testng.TestNGDirectoryTestSuite.execute(TestNGDirectoryTestSuite.java:99)
	at org.apache.maven.surefire.testng.TestNGProvider.invoke(TestNGProvider.java:106)
	at java.base/jdk.internal.reflect.NativeMethodAccessorImpl.invoke0(Native Method)
	at java.base/jdk.internal.reflect.NativeMethodAccessorImpl.invoke(NativeMethodAccessorImpl.java:64)
	at java.base/jdk.internal.reflect.DelegatingMethodAccessorImpl.invoke(DelegatingMethodAccessorImpl.java:43)
	at java.base/java.lang.reflect.Method.invoke(Method.java:564)
	at org.apache.maven.surefire.util.ReflectionUtils.invokeMethodWithArray(ReflectionUtils.java:189)
	at org.apache.maven.surefire.booter.ProviderFactory$ProviderProxy.invoke(ProviderFactory.java:165)
	at org.apache.maven.surefire.booter.ProviderFactory.invokeProvider(ProviderFactory.java:85)
	at org.apache.maven.surefire.booter.ForkedBooter.runSuitesInProcess(ForkedBooter.java:115)
	at org.apache.maven.surefire.booter.ForkedBooter.main(ForkedBooter.java:75)
</failure>
    <system-err>[Utils] [ERROR] [Error] org.testng.TestNGException: 
Parameter &amp;apos;keyword&amp;apos; is required by @Test on method search but has not been marked @Optional or defined

	at org.testng.internal.Parameters.createParams(Parameters.java:272)
	at org.testng.internal.Parameters.createParametersForMethod(Parameters.java:360)
	at org.testng.internal.Parameters.createParameters(Parameters.java:704)
	at org.testng.internal.Parameters.handleParameters(Parameters.java:879)
	at org.testng.internal.Parameters.handleParameters(Parameters.java:744)
	at org.testng.internal.ParameterHandler.handleParameters(ParameterHandler.java:59)
	at org.testng.internal.ParameterHandler.createParameters(ParameterHandler.java:38)
	at org.testng.internal.TestInvoker$MethodInvocationAgent.invoke(TestInvoker.java:783)
	at org.testng.internal.TestInvoker.invokeTestMethods(TestInvoker.java:146)
	at org.testng.internal.TestMethodWorker.invokeTestMethods(TestMethodWorker.java:146)
	at org.testng.internal.TestMethodWorker.run(TestMethodWorker.java:128)
	at java.base/java.util.ArrayList.forEach(ArrayList.java:1511)
	at org.testng.TestRunner.privateRun(TestRunner.java:766)
	at org.testng.TestRunner.run(TestRunner.java:587)
	at org.testng.SuiteRunner.runTest(SuiteRunner.java:384)
	at org.testng.SuiteRunner.runSequentially(SuiteRunner.java:378)
	at org.testng.SuiteRunner.privateRun(SuiteRunner.java:337)
	at org.testng.SuiteRunner.run(SuiteRunner.java:286)
	at org.testng.SuiteRunnerWorker.runSuite(SuiteRunnerWorker.java:53)
	at org.testng.SuiteRunnerWorker.run(SuiteRunnerWorker.java:96)
	at org.testng.TestNG.runSuitesSequentially(TestNG.java:1187)
	at org.testng.TestNG.runSuitesLocally(TestNG.java:1109)
	at org.testng.TestNG.runSuites(TestNG.java:1039)
	at org.testng.TestNG.run(TestNG.java:1007)
	at org.apache.maven.surefire.testng.TestNGExecutor.run(TestNGExecutor.java:77)
	at org.apache.maven.surefire.testng.TestNGDirectoryTestSuite.executeMulti(TestNGDirectoryTestSuite.java:159)
	at org.apache.maven.surefire.testng.TestNGDirectoryTestSuite.execute(TestNGDirectoryTestSuite.java:99)
	at org.apache.maven.surefire.testng.TestNGProvider.invoke(TestNGProvider.java:106)
	at java.base/jdk.internal.reflect.NativeMethodAccessorImpl.invoke0(Native Method)
	at java.base/jdk.internal.reflect.NativeMethodAccessorImpl.invoke(NativeMethodAccessorImpl.java:64)
	at java.base/jdk.internal.reflect.DelegatingMethodAccessorImpl.invoke(DelegatingMethodAccessorImpl.java:43)
	at java.base/java.lang.reflect.Method.invoke(Method.java:564)
	at org.apache.maven.surefire.util.ReflectionUtils.invokeMethodWithArray(ReflectionUtils.java:189)
	at org.apache.maven.surefire.booter.ProviderFactory$ProviderProxy.invoke(ProviderFactory.java:165)
	at org.apache.maven.surefire.booter.ProviderFactory.invokeProvider(ProviderFactory.java:85)
	at org.apache.maven.surefire.booter.ForkedBooter.runSuitesInProcess(ForkedBooter.java:115)
	at org.apache.maven.surefire.booter.ForkedBooter.main(ForkedBooter.java:75)

</system-err>
  </testcase>
  <testcase classname="com.tests.SampleTest" name="tearDown" time="0.004">
    <skipped/>
  </testcase>
</testsuite>