<?xml version="1.0" encoding="UTF-8"?>
<!-- Generated by org.testng.reporters.JUnitXMLReporter -->
<testsuite ignored="0" hostname="LAPTOP-SBMFI0I6" failures="0" tests="5" name="book-flight-3" time="41.068" errors="0" timestamp="2021-11-02T15:15:20 IST">
  <testcase classname="newtours.tests.BookFlightTest" name="registrationPage" time="13.568"/>
  <testcase classname="newtours.tests.BookFlightTest" name="registrationConfirmationPage" time="0.202"/>
  <testcase classname="newtours.tests.BookFlightTest" name="flightDetailsPage" time="1.664"/>
  <testcase classname="newtours.tests.BookFlightTest" name="findFlightPage" time="0.431"/>
  <testcase classname="newtours.tests.BookFlightTest" name="flightConfirmationPage" time="0.34"/>
</testsuite> <!-- book-flight-3 -->
