<?xml version="1.0" encoding="UTF-8"?>
<!-- Generated by org.testng.reporters.JUnitXMLReporter -->
<testsuite ignored="0" hostname="LAPTOP-SBMFI0I6" failures="0" tests="20" name="book-flight-4" time="20.984" errors="0" timestamp="2021-11-02T15:20:48 IST">
  <testcase classname="newtours.tests.BookFlightTest" name="registrationPage" time="14.934"/>
  <testcase classname="newtours.tests.BookFlightTest" name="registrationConfirmationPage" time="0.219"/>
  <testcase classname="newtours.tests.BookFlightTest" name="flightDetailsPage" time="1.747"/>
  <testcase classname="newtours.tests.BookFlightTest" name="registrationPage" time="17.052"/>
  <testcase classname="newtours.tests.BookFlightTest" name="registrationConfirmationPage" time="0.217"/>
  <testcase classname="newtours.tests.BookFlightTest" name="findFlightPage" time="0.546"/>
  <testcase classname="newtours.tests.BookFlightTest" name="flightConfirmationPage" time="0.529"/>
  <testcase classname="newtours.tests.BookFlightTest" name="flightDetailsPage" time="1.612"/>
  <testcase classname="newtours.tests.BookFlightTest" name="findFlightPage" time="0.43"/>
  <testcase classname="newtours.tests.BookFlightTest" name="flightConfirmationPage" time="0.339"/>
  <testcase classname="newtours.tests.BookFlightTest" name="registrationPage" time="16.098"/>
  <testcase classname="newtours.tests.BookFlightTest" name="registrationPage" time="11.172"/>
  <testcase classname="newtours.tests.BookFlightTest" name="registrationConfirmationPage" time="0.315"/>
  <testcase classname="newtours.tests.BookFlightTest" name="registrationConfirmationPage" time="0.337"/>
  <testcase classname="newtours.tests.BookFlightTest" name="flightDetailsPage" time="1.701"/>
  <testcase classname="newtours.tests.BookFlightTest" name="flightDetailsPage" time="1.667"/>
  <testcase classname="newtours.tests.BookFlightTest" name="findFlightPage" time="0.596"/>
  <testcase classname="newtours.tests.BookFlightTest" name="findFlightPage" time="0.561"/>
  <testcase classname="newtours.tests.BookFlightTest" name="flightConfirmationPage" time="0.394"/>
  <testcase classname="newtours.tests.BookFlightTest" name="flightConfirmationPage" time="0.384"/>
</testsuite> <!-- book-flight-4 -->
